2023-04-19T02:58:36.990+05:45  INFO 13348 --- [restartedMain] c.e.o.OverTimeSystemApplication          : Starting OverTimeSystemApplication using Java 18.0.1.1 with PID 13348 (C:\Users\me\IdeaProjects\OverTimeSystem\target\classes started by me in C:\Users\me\IdeaProjects\OverTimeSystem)
2023-04-19T02:58:37.001+05:45  INFO 13348 --- [restartedMain] c.e.o.OverTimeSystemApplication          : No active profile set, falling back to 1 default profile: "default"
2023-04-19T02:58:37.160+05:45  INFO 13348 --- [restartedMain] .e.DevToolsPropertyDefaultsPostProcessor : Devtools property defaults active! Set 'spring.devtools.add-properties' to 'false' to disable
2023-04-19T02:58:37.161+05:45  INFO 13348 --- [restartedMain] .e.DevToolsPropertyDefaultsPostProcessor : For additional web related logging consider setting the 'logging.level.web' property to 'DEBUG'
2023-04-19T02:58:38.997+05:45  INFO 13348 --- [restartedMain] .s.d.r.c.RepositoryConfigurationDelegate : Bootstrapping Spring Data JPA repositories in DEFAULT mode.
2023-04-19T02:58:39.230+05:45  INFO 13348 --- [restartedMain] .s.d.r.c.RepositoryConfigurationDelegate : Finished Spring Data repository scanning in 178 ms. Found 6 JPA repository interfaces.
2023-04-19T02:58:40.290+05:45  INFO 13348 --- [restartedMain] o.s.b.w.embedded.tomcat.TomcatWebServer  : Tomcat initialized with port(s): 8090 (http)
2023-04-19T02:58:40.304+05:45  INFO 13348 --- [restartedMain] o.apache.catalina.core.StandardService   : Starting service [Tomcat]
2023-04-19T02:58:40.305+05:45  INFO 13348 --- [restartedMain] o.apache.catalina.core.StandardEngine    : Starting Servlet engine: [Apache Tomcat/10.1.7]
2023-04-19T02:58:40.417+05:45  INFO 13348 --- [restartedMain] o.a.c.c.C.[Tomcat].[localhost].[/]       : Initializing Spring embedded WebApplicationContext
2023-04-19T02:58:40.418+05:45  INFO 13348 --- [restartedMain] w.s.c.ServletWebServerApplicationContext : Root WebApplicationContext: initialization completed in 3254 ms
2023-04-19T02:58:40.531+05:45  WARN 13348 --- [restartedMain] o.a.c.c.C.[Tomcat].[localhost].[/]       : Cannot deserialize session attribute [SPRING_SECURITY_CONTEXT] for session [6ED5F8F9CA44BB6E46C73C071C099B09]
2023-04-19T02:58:41.558+05:45  INFO 13348 --- [restartedMain] com.zaxxer.hikari.HikariDataSource       : HikariPool-1 - Starting...
2023-04-19T02:58:41.912+05:45  INFO 13348 --- [restartedMain] com.zaxxer.hikari.pool.HikariPool        : HikariPool-1 - Added connection org.postgresql.jdbc.PgConnection@d0fe42b
2023-04-19T02:58:41.914+05:45  INFO 13348 --- [restartedMain] com.zaxxer.hikari.HikariDataSource       : HikariPool-1 - Start completed.
2023-04-19T02:58:41.989+05:45  INFO 13348 --- [restartedMain] SQL dialect                              : HHH000400: Using dialect: org.hibernate.dialect.PostgreSQLDialect
2023-04-19T02:58:44.251+05:45  INFO 13348 --- [restartedMain] j.LocalContainerEntityManagerFactoryBean : Initialized JPA EntityManagerFactory for persistence unit 'default'
2023-04-19T02:58:45.338+05:45  WARN 13348 --- [restartedMain] JpaBaseConfiguration$JpaWebConfiguration : spring.jpa.open-in-view is enabled by default. Therefore, database queries may be performed during view rendering. Explicitly configure spring.jpa.open-in-view to disable this warning
2023-04-19T02:58:45.513+05:45  INFO 13348 --- [restartedMain] o.s.b.a.w.s.WelcomePageHandlerMapping    : Adding welcome page template: index
2023-04-19T02:58:45.776+05:45  INFO 13348 --- [restartedMain] o.s.s.web.DefaultSecurityFilterChain     : Will secure any request with [org.springframework.security.web.session.DisableEncodeUrlFilter@44c02f79, org.springframework.security.web.context.request.async.WebAsyncManagerIntegrationFilter@569da0f, org.springframework.security.web.context.SecurityContextHolderFilter@2e9f86fc, org.springframework.security.web.header.HeaderWriterFilter@63977571, org.springframework.security.web.csrf.CsrfFilter@434c7d69, org.springframework.security.web.authentication.logout.LogoutFilter@5434e21b, org.springframework.security.web.authentication.UsernamePasswordAuthenticationFilter@6510bf8d, org.springframework.security.web.savedrequest.RequestCacheAwareFilter@6261c054, org.springframework.security.web.servletapi.SecurityContextHolderAwareRequestFilter@28f4ad61, org.springframework.security.web.authentication.AnonymousAuthenticationFilter@6565e1f8, org.springframework.security.web.access.ExceptionTranslationFilter@64e19fe9, org.springframework.security.web.access.intercept.FilterSecurityInterceptor@6b3f9c23]
2023-04-19T02:58:46.007+05:45  WARN 13348 --- [restartedMain] o.thymeleaf.templatemode.TemplateMode    : [THYMELEAF][restartedMain] Unknown Template Mode 'LEGACYHTML5'. Must be one of: 'HTML', 'XML', 'TEXT', 'JAVASCRIPT', 'CSS', 'RAW'. Using default Template Mode 'HTML'.
2023-04-19T02:58:46.220+05:45  INFO 13348 --- [restartedMain] o.s.b.d.a.OptionalLiveReloadServer       : LiveReload server is running on port 35729
2023-04-19T02:58:46.281+05:45  INFO 13348 --- [restartedMain] o.s.b.w.embedded.tomcat.TomcatWebServer  : Tomcat started on port(s): 8090 (http) with context path ''
2023-04-19T02:58:46.295+05:45  INFO 13348 --- [restartedMain] c.e.o.OverTimeSystemApplication          : Started OverTimeSystemApplication in 10.218 seconds (process running for 11.85)
2023-04-19T03:00:07.366+05:45  INFO 13348 --- [http-nio-8090-exec-1] o.a.c.c.C.[Tomcat].[localhost].[/]       : Initializing Spring DispatcherServlet 'dispatcherServlet'
2023-04-19T03:00:07.367+05:45  INFO 13348 --- [http-nio-8090-exec-1] o.s.web.servlet.DispatcherServlet        : Initializing Servlet 'dispatcherServlet'
2023-04-19T03:00:07.369+05:45  INFO 13348 --- [http-nio-8090-exec-1] o.s.web.servlet.DispatcherServlet        : Completed initialization in 2 ms
2023-04-19T03:01:00.234+05:45  INFO 13348 --- [SpringApplicationShutdownHook] j.LocalContainerEntityManagerFactoryBean : Closing JPA EntityManagerFactory for persistence unit 'default'
2023-04-19T03:01:00.240+05:45  INFO 13348 --- [SpringApplicationShutdownHook] com.zaxxer.hikari.HikariDataSource       : HikariPool-1 - Shutdown initiated...
2023-04-19T03:01:00.274+05:45  INFO 13348 --- [SpringApplicationShutdownHook] com.zaxxer.hikari.HikariDataSource       : HikariPool-1 - Shutdown completed.
2023-04-19T03:01:09.689+05:45  INFO 15796 --- [restartedMain] c.e.o.OverTimeSystemApplication          : Starting OverTimeSystemApplication using Java 18.0.1.1 with PID 15796 (C:\Users\me\IdeaProjects\OverTimeSystem\target\classes started by me in C:\Users\me\IdeaProjects\OverTimeSystem)
2023-04-19T03:01:09.693+05:45  INFO 15796 --- [restartedMain] c.e.o.OverTimeSystemApplication          : No active profile set, falling back to 1 default profile: "default"
2023-04-19T03:01:09.777+05:45  INFO 15796 --- [restartedMain] .e.DevToolsPropertyDefaultsPostProcessor : Devtools property defaults active! Set 'spring.devtools.add-properties' to 'false' to disable
2023-04-19T03:01:09.777+05:45  INFO 15796 --- [restartedMain] .e.DevToolsPropertyDefaultsPostProcessor : For additional web related logging consider setting the 'logging.level.web' property to 'DEBUG'
2023-04-19T03:01:11.119+05:45  INFO 15796 --- [restartedMain] .s.d.r.c.RepositoryConfigurationDelegate : Bootstrapping Spring Data JPA repositories in DEFAULT mode.
2023-04-19T03:01:11.257+05:45  INFO 15796 --- [restartedMain] .s.d.r.c.RepositoryConfigurationDelegate : Finished Spring Data repository scanning in 127 ms. Found 6 JPA repository interfaces.
2023-04-19T03:01:12.070+05:45  INFO 15796 --- [restartedMain] o.s.b.w.embedded.tomcat.TomcatWebServer  : Tomcat initialized with port(s): 8090 (http)
2023-04-19T03:01:12.083+05:45  INFO 15796 --- [restartedMain] o.apache.catalina.core.StandardService   : Starting service [Tomcat]
2023-04-19T03:01:12.084+05:45  INFO 15796 --- [restartedMain] o.apache.catalina.core.StandardEngine    : Starting Servlet engine: [Apache Tomcat/10.1.7]
2023-04-19T03:01:12.171+05:45  INFO 15796 --- [restartedMain] o.a.c.c.C.[Tomcat].[localhost].[/]       : Initializing Spring embedded WebApplicationContext
2023-04-19T03:01:12.171+05:45  INFO 15796 --- [restartedMain] w.s.c.ServletWebServerApplicationContext : Root WebApplicationContext: initialization completed in 2393 ms
2023-04-19T03:01:12.245+05:45  WARN 15796 --- [restartedMain] o.a.c.c.C.[Tomcat].[localhost].[/]       : Cannot deserialize session attribute [SPRING_SECURITY_CONTEXT] for session [CC985B36CDFB2F546B6C8D0CBCF9BE67]
2023-04-19T03:01:12.848+05:45  INFO 15796 --- [restartedMain] com.zaxxer.hikari.HikariDataSource       : HikariPool-1 - Starting...
2023-04-19T03:01:13.089+05:45  INFO 15796 --- [restartedMain] com.zaxxer.hikari.pool.HikariPool        : HikariPool-1 - Added connection org.postgresql.jdbc.PgConnection@5a7c4fd2
2023-04-19T03:01:13.091+05:45  INFO 15796 --- [restartedMain] com.zaxxer.hikari.HikariDataSource       : HikariPool-1 - Start completed.
2023-04-19T03:01:13.133+05:45  INFO 15796 --- [restartedMain] SQL dialect                              : HHH000400: Using dialect: org.hibernate.dialect.PostgreSQLDialect
2023-04-19T03:01:14.828+05:45  INFO 15796 --- [restartedMain] j.LocalContainerEntityManagerFactoryBean : Initialized JPA EntityManagerFactory for persistence unit 'default'
2023-04-19T03:01:15.656+05:45  WARN 15796 --- [restartedMain] JpaBaseConfiguration$JpaWebConfiguration : spring.jpa.open-in-view is enabled by default. Therefore, database queries may be performed during view rendering. Explicitly configure spring.jpa.open-in-view to disable this warning
2023-04-19T03:01:15.773+05:45  INFO 15796 --- [restartedMain] o.s.b.a.w.s.WelcomePageHandlerMapping    : Adding welcome page template: index
2023-04-19T03:01:16.042+05:45  INFO 15796 --- [restartedMain] o.s.s.web.DefaultSecurityFilterChain     : Will secure any request with [org.springframework.security.web.session.DisableEncodeUrlFilter@2509712e, org.springframework.security.web.context.request.async.WebAsyncManagerIntegrationFilter@567fa22c, org.springframework.security.web.context.SecurityContextHolderFilter@149ca004, org.springframework.security.web.header.HeaderWriterFilter@5a213590, org.springframework.security.web.csrf.CsrfFilter@493803bb, org.springframework.security.web.authentication.logout.LogoutFilter@49c48580, org.springframework.security.web.authentication.UsernamePasswordAuthenticationFilter@638b041e, org.springframework.security.web.savedrequest.RequestCacheAwareFilter@3cf5ee4d, org.springframework.security.web.servletapi.SecurityContextHolderAwareRequestFilter@3afc1030, org.springframework.security.web.authentication.AnonymousAuthenticationFilter@6deff709, org.springframework.security.web.access.ExceptionTranslationFilter@46753d1e, org.springframework.security.web.access.intercept.FilterSecurityInterceptor@7af29168]
2023-04-19T03:01:16.207+05:45  WARN 15796 --- [restartedMain] o.thymeleaf.templatemode.TemplateMode    : [THYMELEAF][restartedMain] Unknown Template Mode 'LEGACYHTML5'. Must be one of: 'HTML', 'XML', 'TEXT', 'JAVASCRIPT', 'CSS', 'RAW'. Using default Template Mode 'HTML'.
2023-04-19T03:01:16.385+05:45  INFO 15796 --- [restartedMain] o.s.b.d.a.OptionalLiveReloadServer       : LiveReload server is running on port 35729
2023-04-19T03:01:16.442+05:45  INFO 15796 --- [restartedMain] o.s.b.w.embedded.tomcat.TomcatWebServer  : Tomcat started on port(s): 8090 (http) with context path ''
2023-04-19T03:01:16.453+05:45  INFO 15796 --- [restartedMain] c.e.o.OverTimeSystemApplication          : Started OverTimeSystemApplication in 7.43 seconds (process running for 8.814)
2023-04-19T03:22:00.417+05:45  INFO 15796 --- [SpringApplicationShutdownHook] j.LocalContainerEntityManagerFactoryBean : Closing JPA EntityManagerFactory for persistence unit 'default'
2023-04-19T03:22:00.430+05:45  INFO 15796 --- [SpringApplicationShutdownHook] com.zaxxer.hikari.HikariDataSource       : HikariPool-1 - Shutdown initiated...
2023-04-19T03:22:00.448+05:45  INFO 15796 --- [SpringApplicationShutdownHook] com.zaxxer.hikari.HikariDataSource       : HikariPool-1 - Shutdown completed.
2023-04-19T03:22:09.660+05:45  INFO 936 --- [restartedMain] c.e.o.OverTimeSystemApplication          : Starting OverTimeSystemApplication using Java 18.0.1.1 with PID 936 (C:\Users\me\IdeaProjects\OverTimeSystem\target\classes started by me in C:\Users\me\IdeaProjects\OverTimeSystem)
2023-04-19T03:22:09.664+05:45  INFO 936 --- [restartedMain] c.e.o.OverTimeSystemApplication          : No active profile set, falling back to 1 default profile: "default"
2023-04-19T03:22:09.775+05:45  INFO 936 --- [restartedMain] .e.DevToolsPropertyDefaultsPostProcessor : Devtools property defaults active! Set 'spring.devtools.add-properties' to 'false' to disable
2023-04-19T03:22:09.776+05:45  INFO 936 --- [restartedMain] .e.DevToolsPropertyDefaultsPostProcessor : For additional web related logging consider setting the 'logging.level.web' property to 'DEBUG'
2023-04-19T03:22:11.126+05:45  INFO 936 --- [restartedMain] .s.d.r.c.RepositoryConfigurationDelegate : Bootstrapping Spring Data JPA repositories in DEFAULT mode.
2023-04-19T03:22:11.291+05:45  INFO 936 --- [restartedMain] .s.d.r.c.RepositoryConfigurationDelegate : Finished Spring Data repository scanning in 146 ms. Found 6 JPA repository interfaces.
2023-04-19T03:22:12.324+05:45  INFO 936 --- [restartedMain] o.s.b.w.embedded.tomcat.TomcatWebServer  : Tomcat initialized with port(s): 8090 (http)
2023-04-19T03:22:12.341+05:45  INFO 936 --- [restartedMain] o.apache.catalina.core.StandardService   : Starting service [Tomcat]
2023-04-19T03:22:12.342+05:45  INFO 936 --- [restartedMain] o.apache.catalina.core.StandardEngine    : Starting Servlet engine: [Apache Tomcat/10.1.7]
2023-04-19T03:22:12.442+05:45  INFO 936 --- [restartedMain] o.a.c.c.C.[Tomcat].[localhost].[/]       : Initializing Spring embedded WebApplicationContext
2023-04-19T03:22:12.442+05:45  INFO 936 --- [restartedMain] w.s.c.ServletWebServerApplicationContext : Root WebApplicationContext: initialization completed in 2665 ms
2023-04-19T03:22:13.371+05:45  INFO 936 --- [restartedMain] com.zaxxer.hikari.HikariDataSource       : HikariPool-1 - Starting...
2023-04-19T03:22:13.682+05:45  INFO 936 --- [restartedMain] com.zaxxer.hikari.pool.HikariPool        : HikariPool-1 - Added connection org.postgresql.jdbc.PgConnection@34f0d307
2023-04-19T03:22:13.685+05:45  INFO 936 --- [restartedMain] com.zaxxer.hikari.HikariDataSource       : HikariPool-1 - Start completed.
2023-04-19T03:22:13.764+05:45  INFO 936 --- [restartedMain] SQL dialect                              : HHH000400: Using dialect: org.hibernate.dialect.PostgreSQLDialect
2023-04-19T03:22:15.767+05:45  INFO 936 --- [restartedMain] j.LocalContainerEntityManagerFactoryBean : Initialized JPA EntityManagerFactory for persistence unit 'default'
2023-04-19T03:22:16.647+05:45  WARN 936 --- [restartedMain] JpaBaseConfiguration$JpaWebConfiguration : spring.jpa.open-in-view is enabled by default. Therefore, database queries may be performed during view rendering. Explicitly configure spring.jpa.open-in-view to disable this warning
2023-04-19T03:22:16.788+05:45  INFO 936 --- [restartedMain] o.s.b.a.w.s.WelcomePageHandlerMapping    : Adding welcome page template: index
2023-04-19T03:22:17.077+05:45  INFO 936 --- [restartedMain] o.s.s.web.DefaultSecurityFilterChain     : Will secure any request with [org.springframework.security.web.session.DisableEncodeUrlFilter@6e6d7e0a, org.springframework.security.web.context.request.async.WebAsyncManagerIntegrationFilter@304afb9, org.springframework.security.web.context.SecurityContextHolderFilter@5f9c496e, org.springframework.security.web.header.HeaderWriterFilter@172b7d8f, org.springframework.security.web.csrf.CsrfFilter@64bcbe1c, org.springframework.security.web.authentication.logout.LogoutFilter@672f5f3c, org.springframework.security.web.authentication.UsernamePasswordAuthenticationFilter@1667ee1, org.springframework.security.web.savedrequest.RequestCacheAwareFilter@55b85f9c, org.springframework.security.web.servletapi.SecurityContextHolderAwareRequestFilter@758a938e, org.springframework.security.web.authentication.AnonymousAuthenticationFilter@3127484e, org.springframework.security.web.access.ExceptionTranslationFilter@2cb3cf72, org.springframework.security.web.access.intercept.FilterSecurityInterceptor@56897752]
2023-04-19T03:22:17.231+05:45  WARN 936 --- [restartedMain] o.thymeleaf.templatemode.TemplateMode    : [THYMELEAF][restartedMain] Unknown Template Mode 'LEGACYHTML5'. Must be one of: 'HTML', 'XML', 'TEXT', 'JAVASCRIPT', 'CSS', 'RAW'. Using default Template Mode 'HTML'.
2023-04-19T03:22:17.427+05:45  INFO 936 --- [restartedMain] o.s.b.d.a.OptionalLiveReloadServer       : LiveReload server is running on port 35729
2023-04-19T03:22:17.475+05:45  INFO 936 --- [restartedMain] o.s.b.w.embedded.tomcat.TomcatWebServer  : Tomcat started on port(s): 8090 (http) with context path ''
2023-04-19T03:22:17.487+05:45  INFO 936 --- [restartedMain] c.e.o.OverTimeSystemApplication          : Started OverTimeSystemApplication in 8.677 seconds (process running for 10.432)
2023-04-19T03:22:35.781+05:45  INFO 936 --- [http-nio-8090-exec-1] o.a.c.c.C.[Tomcat].[localhost].[/]       : Initializing Spring DispatcherServlet 'dispatcherServlet'
2023-04-19T03:22:35.781+05:45  INFO 936 --- [http-nio-8090-exec-1] o.s.web.servlet.DispatcherServlet        : Initializing Servlet 'dispatcherServlet'
2023-04-19T03:22:35.784+05:45  INFO 936 --- [http-nio-8090-exec-1] o.s.web.servlet.DispatcherServlet        : Completed initialization in 2 ms
2023-04-19T04:07:59.779+05:45  INFO 936 --- [SpringApplicationShutdownHook] j.LocalContainerEntityManagerFactoryBean : Closing JPA EntityManagerFactory for persistence unit 'default'
2023-04-19T04:07:59.785+05:45  INFO 936 --- [SpringApplicationShutdownHook] com.zaxxer.hikari.HikariDataSource       : HikariPool-1 - Shutdown initiated...
2023-04-19T04:07:59.796+05:45  INFO 936 --- [SpringApplicationShutdownHook] com.zaxxer.hikari.HikariDataSource       : HikariPool-1 - Shutdown completed.
2023-04-19T04:08:17.525+05:45  INFO 8004 --- [restartedMain] c.e.o.OverTimeSystemApplication          : Starting OverTimeSystemApplication using Java 18.0.1.1 with PID 8004 (C:\Users\me\IdeaProjects\OverTimeSystem\target\classes started by me in C:\Users\me\IdeaProjects\OverTimeSystem)
2023-04-19T04:08:17.534+05:45  INFO 8004 --- [restartedMain] c.e.o.OverTimeSystemApplication          : No active profile set, falling back to 1 default profile: "default"
2023-04-19T04:08:17.617+05:45  INFO 8004 --- [restartedMain] .e.DevToolsPropertyDefaultsPostProcessor : Devtools property defaults active! Set 'spring.devtools.add-properties' to 'false' to disable
2023-04-19T04:08:17.618+05:45  INFO 8004 --- [restartedMain] .e.DevToolsPropertyDefaultsPostProcessor : For additional web related logging consider setting the 'logging.level.web' property to 'DEBUG'
2023-04-19T04:08:19.016+05:45  INFO 8004 --- [restartedMain] .s.d.r.c.RepositoryConfigurationDelegate : Bootstrapping Spring Data JPA repositories in DEFAULT mode.
2023-04-19T04:08:19.156+05:45  INFO 8004 --- [restartedMain] .s.d.r.c.RepositoryConfigurationDelegate : Finished Spring Data repository scanning in 124 ms. Found 6 JPA repository interfaces.
2023-04-19T04:08:20.063+05:45  INFO 8004 --- [restartedMain] o.s.b.w.embedded.tomcat.TomcatWebServer  : Tomcat initialized with port(s): 8090 (http)
2023-04-19T04:08:20.081+05:45  INFO 8004 --- [restartedMain] o.apache.catalina.core.StandardService   : Starting service [Tomcat]
2023-04-19T04:08:20.081+05:45  INFO 8004 --- [restartedMain] o.apache.catalina.core.StandardEngine    : Starting Servlet engine: [Apache Tomcat/10.1.7]
2023-04-19T04:08:20.223+05:45  INFO 8004 --- [restartedMain] o.a.c.c.C.[Tomcat].[localhost].[/]       : Initializing Spring embedded WebApplicationContext
2023-04-19T04:08:20.223+05:45  INFO 8004 --- [restartedMain] w.s.c.ServletWebServerApplicationContext : Root WebApplicationContext: initialization completed in 2604 ms
2023-04-19T04:08:20.941+05:45  INFO 8004 --- [restartedMain] com.zaxxer.hikari.HikariDataSource       : HikariPool-1 - Starting...
2023-04-19T04:08:21.177+05:45  INFO 8004 --- [restartedMain] com.zaxxer.hikari.pool.HikariPool        : HikariPool-1 - Added connection org.postgresql.jdbc.PgConnection@e13ed16
2023-04-19T04:08:21.179+05:45  INFO 8004 --- [restartedMain] com.zaxxer.hikari.HikariDataSource       : HikariPool-1 - Start completed.
2023-04-19T04:08:21.225+05:45  INFO 8004 --- [restartedMain] SQL dialect                              : HHH000400: Using dialect: org.hibernate.dialect.PostgreSQLDialect
2023-04-19T04:08:22.952+05:45  INFO 8004 --- [restartedMain] j.LocalContainerEntityManagerFactoryBean : Initialized JPA EntityManagerFactory for persistence unit 'default'
2023-04-19T04:08:23.774+05:45  WARN 8004 --- [restartedMain] JpaBaseConfiguration$JpaWebConfiguration : spring.jpa.open-in-view is enabled by default. Therefore, database queries may be performed during view rendering. Explicitly configure spring.jpa.open-in-view to disable this warning
2023-04-19T04:08:23.895+05:45  INFO 8004 --- [restartedMain] o.s.b.a.w.s.WelcomePageHandlerMapping    : Adding welcome page template: index
2023-04-19T04:08:24.141+05:45  INFO 8004 --- [restartedMain] o.s.s.web.DefaultSecurityFilterChain     : Will secure any request with [org.springframework.security.web.session.DisableEncodeUrlFilter@5125a30f, org.springframework.security.web.context.request.async.WebAsyncManagerIntegrationFilter@43ad8507, org.springframework.security.web.context.SecurityContextHolderFilter@d737d8c, org.springframework.security.web.header.HeaderWriterFilter@10f1aad2, org.springframework.security.web.csrf.CsrfFilter@a8e26e0, org.springframework.security.web.authentication.logout.LogoutFilter@4f3e1e47, org.springframework.security.web.authentication.UsernamePasswordAuthenticationFilter@37713029, org.springframework.security.web.savedrequest.RequestCacheAwareFilter@441b903b, org.springframework.security.web.servletapi.SecurityContextHolderAwareRequestFilter@3907f370, org.springframework.security.web.authentication.AnonymousAuthenticationFilter@7d631523, org.springframework.security.web.access.ExceptionTranslationFilter@7a23f3f9, org.springframework.security.web.access.intercept.FilterSecurityInterceptor@40c67373]
2023-04-19T04:08:24.346+05:45  WARN 8004 --- [restartedMain] o.thymeleaf.templatemode.TemplateMode    : [THYMELEAF][restartedMain] Unknown Template Mode 'LEGACYHTML5'. Must be one of: 'HTML', 'XML', 'TEXT', 'JAVASCRIPT', 'CSS', 'RAW'. Using default Template Mode 'HTML'.
2023-04-19T04:08:24.529+05:45  INFO 8004 --- [restartedMain] o.s.b.d.a.OptionalLiveReloadServer       : LiveReload server is running on port 35729
2023-04-19T04:08:24.586+05:45  INFO 8004 --- [restartedMain] o.s.b.w.embedded.tomcat.TomcatWebServer  : Tomcat started on port(s): 8090 (http) with context path ''
2023-04-19T04:08:24.599+05:45  INFO 8004 --- [restartedMain] c.e.o.OverTimeSystemApplication          : Started OverTimeSystemApplication in 7.855 seconds (process running for 9.797)
2023-04-19T04:08:40.286+05:45  INFO 8004 --- [http-nio-8090-exec-1] o.a.c.c.C.[Tomcat].[localhost].[/]       : Initializing Spring DispatcherServlet 'dispatcherServlet'
2023-04-19T04:08:40.286+05:45  INFO 8004 --- [http-nio-8090-exec-1] o.s.web.servlet.DispatcherServlet        : Initializing Servlet 'dispatcherServlet'
2023-04-19T04:08:40.288+05:45  INFO 8004 --- [http-nio-8090-exec-1] o.s.web.servlet.DispatcherServlet        : Completed initialization in 2 ms
